java.util.concurrent.ExecutionException: Boxed Exception
  scala.concurrent.impl.Promise$.scala$concurrent$impl$Promise$$resolve(Promise.scala:99)
  scala.concurrent.impl.Promise$Transformation.handleFailure(Promise.scala:444)
  scala.concurrent.impl.Promise$Transformation.run(Promise.scala:506)
  java.base@17.0.6/java.util.concurrent.ThreadPoolExecutor.runWorker(ThreadPoolExecutor.java:1136)
  java.base@17.0.6/java.util.concurrent.ThreadPoolExecutor$Worker.run(ThreadPoolExecutor.java:635)
  java.base@17.0.6/java.lang.Thread.run(Thread.java:833)
  com.oracle.svm.core.thread.PlatformThreads.threadStartRoutine(PlatformThreads.java:775)
  com.oracle.svm.core.posix.thread.PosixPlatformThreads.pthreadStartRoutine(PosixPlatformThreads.java:203)
java.lang.AssertionError: assertion failed: https://repo1.maven.org/maven2/org/scala-lang/tasty-core_3/3.5.2/tasty-core_3-3.5.2.jar was not being downloaded
  scala.Predef$.assert(Predef.scala:279)
  coursier.cache.loggers.RefreshLogger$UpdateDisplayRunnable.removeEntry(RefreshLogger.scala:156)
  coursier.cache.loggers.RefreshLogger.downloadedArtifact(RefreshLogger.scala:350)
  coursier.cache.internal.Downloader$Blocking$.remote(Downloader.scala:433)
  coursier.cache.internal.Downloader.$anonfun$remote$6(Downloader.scala:546)
  scala.concurrent.Future$.$anonfun$apply$1(Future.scala:687)
  scala.concurrent.impl.Promise$Transformation.run(Promise.scala:467)
  java.base@17.0.6/java.util.concurrent.ThreadPoolExecutor.runWorker(ThreadPoolExecutor.java:1136)
  java.base@17.0.6/java.util.concurrent.ThreadPoolExecutor$Worker.run(ThreadPoolExecutor.java:635)
  java.base@17.0.6/java.lang.Thread.run(Thread.java:833)
  com.oracle.svm.core.thread.PlatformThreads.threadStartRoutine(PlatformThreads.java:775)
  com.oracle.svm.core.posix.thread.PosixPlatformThreads.pthreadStartRoutine(PosixPlatformThreads.java:203)
